<?xml version="1.0" encoding="UTF-8"?>
<!-- Generated by org.testng.reporters.JUnitReportReporter -->
<testsuite hostname="LAPTOP-Q3D1GRC7" failures="0" tests="1" name="testpkg.TestNG" time="0.005" errors="0" timestamp="2023-02-22T16:58:17 IST" skipped="0">
  <testcase classname="testpkg.TestNG" name="tstt" time="0.005"/>
  <system-out/>
</testsuite> <!-- testpkg.TestNG -->
